<?xml version="1.0" encoding="UTF-8"?>
<!-- Generated by org.testng.reporters.JUnitReportReporter -->
<testsuite hostname="DESKTOP-RVSSM80" failures="2" tests="10" name="tourismpoint.testCase.RegistrationPage_TestCase" time="88.877" errors="0" timestamp="2023-04-28T19:05:10 BDT" skipped="0">
  <testcase classname="tourismpoint.testCase.RegistrationPage_TestCase" name="AccessRegistrationPage" time="8.414"/>
  <system-out/>
  <testcase classname="tourismpoint.testCase.RegistrationPage_TestCase" name="Registration_with_invalid_Name" time="13.049">
    <failure message="expected [Tourism Point - Registration Page] but found [Tourism Point - Login Page]" type="java.lang.AssertionError">
      <![CDATA[java.lang.AssertionError: expected [Tourism Point - Registration Page] but found [Tourism Point - Login Page]
at org.testng.Assert.fail(Assert.java:110)
at org.testng.Assert.failNotEquals(Assert.java:1577)
at org.testng.Assert.assertEqualsImpl(Assert.java:149)
at org.testng.Assert.assertEquals(Assert.java:131)
at org.testng.Assert.assertEquals(Assert.java:655)
at org.testng.Assert.assertEquals(Assert.java:665)
at tourismpoint.testCase.RegistrationPage_TestCase.Registration_with_invalid_Name(RegistrationPage_TestCase.java:53)
at java.base/jdk.internal.reflect.DirectMethodHandleAccessor.invoke(DirectMethodHandleAccessor.java:104)
at java.base/java.lang.reflect.Method.invoke(Method.java:578)
at org.testng.internal.invokers.MethodInvocationHelper.invokeMethod(MethodInvocationHelper.java:139)
at org.testng.internal.invokers.TestInvoker.invokeMethod(TestInvoker.java:677)
at org.testng.internal.invokers.TestInvoker.invokeTestMethod(TestInvoker.java:221)
at org.testng.internal.invokers.MethodRunner.runInSequence(MethodRunner.java:50)
at org.testng.internal.invokers.TestInvoker$MethodInvocationAgent.invoke(TestInvoker.java:969)
at org.testng.internal.invokers.TestInvoker.invokeTestMethods(TestInvoker.java:194)
at org.testng.internal.invokers.TestMethodWorker.invokeTestMethods(TestMethodWorker.java:148)
at org.testng.internal.invokers.TestMethodWorker.run(TestMethodWorker.java:128)
at java.base/java.util.ArrayList.forEach(ArrayList.java:1511)
at org.testng.TestRunner.privateRun(TestRunner.java:829)
at org.testng.TestRunner.run(TestRunner.java:602)
at org.testng.SuiteRunner.runTest(SuiteRunner.java:437)
at org.testng.SuiteRunner.runSequentially(SuiteRunner.java:431)
at org.testng.SuiteRunner.privateRun(SuiteRunner.java:391)
at org.testng.SuiteRunner.run(SuiteRunner.java:330)
at org.testng.SuiteRunnerWorker.runSuite(SuiteRunnerWorker.java:52)
at org.testng.SuiteRunnerWorker.run(SuiteRunnerWorker.java:95)
at org.testng.TestNG.runSuitesSequentially(TestNG.java:1256)
at org.testng.TestNG.runSuitesLocally(TestNG.java:1176)
at org.testng.TestNG.runSuites(TestNG.java:1099)
at org.testng.TestNG.run(TestNG.java:1067)
at org.testng.remote.AbstractRemoteTestNG.run(AbstractRemoteTestNG.java:115)
at org.testng.remote.RemoteTestNG.initAndRun(RemoteTestNG.java:251)
at org.testng.remote.RemoteTestNG.main(RemoteTestNG.java:77)
]]>
    </failure>
  </testcase> <!-- Registration_with_invalid_Name -->
  <system-out/>
  <testcase classname="tourismpoint.testCase.RegistrationPage_TestCase" name="Registration_with_empty_Name" time="7.973"/>
  <system-out/>
  <testcase classname="tourismpoint.testCase.RegistrationPage_TestCase" name="Registration_with_invalid_Email" time="8.587">
    <failure message="expected [Tourism Point - Registration Page] but found [Tourism Point - Login Page]" type="java.lang.AssertionError">
      <![CDATA[java.lang.AssertionError: expected [Tourism Point - Registration Page] but found [Tourism Point - Login Page]
at org.testng.Assert.fail(Assert.java:110)
at org.testng.Assert.failNotEquals(Assert.java:1577)
at org.testng.Assert.assertEqualsImpl(Assert.java:149)
at org.testng.Assert.assertEquals(Assert.java:131)
at org.testng.Assert.assertEquals(Assert.java:655)
at org.testng.Assert.assertEquals(Assert.java:665)
at tourismpoint.testCase.RegistrationPage_TestCase.Registration_with_invalid_Email(RegistrationPage_TestCase.java:78)
at java.base/jdk.internal.reflect.DirectMethodHandleAccessor.invoke(DirectMethodHandleAccessor.java:104)
at java.base/java.lang.reflect.Method.invoke(Method.java:578)
at org.testng.internal.invokers.MethodInvocationHelper.invokeMethod(MethodInvocationHelper.java:139)
at org.testng.internal.invokers.TestInvoker.invokeMethod(TestInvoker.java:677)
at org.testng.internal.invokers.TestInvoker.invokeTestMethod(TestInvoker.java:221)
at org.testng.internal.invokers.MethodRunner.runInSequence(MethodRunner.java:50)
at org.testng.internal.invokers.TestInvoker$MethodInvocationAgent.invoke(TestInvoker.java:969)
at org.testng.internal.invokers.TestInvoker.invokeTestMethods(TestInvoker.java:194)
at org.testng.internal.invokers.TestMethodWorker.invokeTestMethods(TestMethodWorker.java:148)
at org.testng.internal.invokers.TestMethodWorker.run(TestMethodWorker.java:128)
at java.base/java.util.ArrayList.forEach(ArrayList.java:1511)
at org.testng.TestRunner.privateRun(TestRunner.java:829)
at org.testng.TestRunner.run(TestRunner.java:602)
at org.testng.SuiteRunner.runTest(SuiteRunner.java:437)
at org.testng.SuiteRunner.runSequentially(SuiteRunner.java:431)
at org.testng.SuiteRunner.privateRun(SuiteRunner.java:391)
at org.testng.SuiteRunner.run(SuiteRunner.java:330)
at org.testng.SuiteRunnerWorker.runSuite(SuiteRunnerWorker.java:52)
at org.testng.SuiteRunnerWorker.run(SuiteRunnerWorker.java:95)
at org.testng.TestNG.runSuitesSequentially(TestNG.java:1256)
at org.testng.TestNG.runSuitesLocally(TestNG.java:1176)
at org.testng.TestNG.runSuites(TestNG.java:1099)
at org.testng.TestNG.run(TestNG.java:1067)
at org.testng.remote.AbstractRemoteTestNG.run(AbstractRemoteTestNG.java:115)
at org.testng.remote.RemoteTestNG.initAndRun(RemoteTestNG.java:251)
at org.testng.remote.RemoteTestNG.main(RemoteTestNG.java:77)
]]>
    </failure>
  </testcase> <!-- Registration_with_invalid_Email -->
  <system-out/>
  <testcase classname="tourismpoint.testCase.RegistrationPage_TestCase" name="Registration_with_empty_Email" time="8.444"/>
  <system-out/>
  <testcase classname="tourismpoint.testCase.RegistrationPage_TestCase" name="Registration_with_empty_password" time="8.467"/>
  <system-out/>
  <testcase classname="tourismpoint.testCase.RegistrationPage_TestCase" name="Registration_With_Valid_information" time="8.513"/>
  <system-out/>
  <testcase classname="tourismpoint.testCase.RegistrationPage_TestCase" name="Registration_With_exist_Email" time="8.258"/>
  <system-out/>
  <testcase classname="tourismpoint.testCase.RegistrationPage_TestCase" name="Registration_With_exist_empty_confirm_password" time="8.571"/>
  <system-out/>
  <testcase classname="tourismpoint.testCase.RegistrationPage_TestCase" name="Registration_With_exist_unmacth_confirm_password" time="8.601"/>
  <system-out/>
</testsuite> <!-- tourismpoint.testCase.RegistrationPage_TestCase -->
